<?xml version="1.0" encoding="UTF-8"?>
<!-- Generated by org.testng.reporters.JUnitReportReporter -->
<testsuite hostname="DESKTOP-6QQN8NI" failures="0" tests="3" name="com.actitime.testscript.Users_Module" time="18.256" errors="0" timestamp="2025-03-11T22:03:57 IST" skipped="0">
  <testcase classname="com.actitime.testscript.Users_Module" name="testCreateUser" time="11.920"/>
  <system-out>
    <![CDATA[Create User]]>
  </system-out>
  <testcase classname="com.actitime.testscript.Users_Module" name="testModifyUser" time="3.680"/>
  <system-out>
    <![CDATA[Create User]]>
  </system-out>
  <testcase classname="com.actitime.testscript.Users_Module" name="testDeleteUser" time="2.656"/>
  <system-out>
    <![CDATA[Delete User]]>
  </system-out>
</testsuite> <!-- com.actitime.testscript.Users_Module -->
