<?xml version="1.0" encoding="UTF-8"?>
<!-- Generated by org.testng.reporters.JUnitReportReporter -->
<testsuite hostname="DESKTOP-6QQN8NI" failures="0" tests="1" name="com.acttime.testscript.Project_Module" time="3.412" errors="0" timestamp="2025-03-08T21:45:00 IST" skipped="0">
  <testcase classname="com.acttime.testscript.Project_Module" name="testCreateProject" time="3.412"/>
  <system-out>
    <![CDATA[Create Project]]>
  </system-out>
</testsuite> <!-- com.acttime.testscript.Project_Module -->
