<?xml version="1.0" encoding="UTF-8"?>
<!-- Generated by org.testng.reporters.JUnitReportReporter -->
<testsuite hostname="DESKTOP-6QQN8NI" failures="0" tests="1" name="com.actitime.testscript.Reports_Module" time="5.555" errors="0" timestamp="2025-03-11T10:41:22 IST" skipped="0">
  <testcase classname="com.actitime.testscript.Reports_Module" name="testCreateReport" time="5.555"/>
  <system-out>
    <![CDATA[Create Report]]>
  </system-out>
</testsuite> <!-- com.actitime.testscript.Reports_Module -->
