<?xml version="1.0" encoding="UTF-8"?>
<!-- Generated by org.testng.reporters.JUnitReportReporter -->
<testsuite hostname="DESKTOP-6QQN8NI" failures="0" tests="2" name="com.acttime.testscript.Parameterization" time="13.489" errors="0" timestamp="2025-03-02T12:49:05 IST" skipped="0">
  <testcase classname="com.acttime.testscript.Parameterization" name="login" time="5.541"/>
  <system-out/>
  <testcase classname="com.acttime.testscript.Parameterization" name="login" time="7.948"/>
  <system-out/>
</testsuite> <!-- com.acttime.testscript.Parameterization -->
