<?xml version="1.0" encoding="UTF-8"?>
<!-- Generated by org.testng.reporters.JUnitReportReporter -->
<testsuite hostname="DESKTOP-6QQN8NI" failures="0" tests="1" name="com.actitime.testscript.Project_Module" time="2.996" errors="0" timestamp="2025-03-11T10:45:29 IST" skipped="0">
  <testcase classname="com.actitime.testscript.Project_Module" name="testCreateProject" time="2.996"/>
  <system-out>
    <![CDATA[Create Project]]>
  </system-out>
</testsuite> <!-- com.actitime.testscript.Project_Module -->
