<?xml version="1.0" encoding="UTF-8"?>
<!-- Generated by org.testng.reporters.JUnitReportReporter -->
<testsuite hostname="DESKTOP-6QQN8NI" failures="0" tests="1" name="com.acttime.testscript.Theme_Module" time="2.330" errors="0" timestamp="2025-03-08T20:37:45 IST" skipped="0">
  <testcase classname="com.acttime.testscript.Theme_Module" name="testChangingTheme" time="2.330"/>
  <system-out>
    <![CDATA[Changing Theme]]>
  </system-out>
</testsuite> <!-- com.acttime.testscript.Theme_Module -->
