<?xml version="1.0" encoding="UTF-8"?>
<!-- Generated by org.testng.reporters.JUnitReportReporter -->
<testsuite hostname="DESKTOP-6QQN8NI" failures="0" tests="1" name="com.actitime.testscript.Theme_Module" time="1.834" errors="0" timestamp="2025-03-19T22:18:18 IST" skipped="0">
  <testcase classname="com.actitime.testscript.Theme_Module" name="testChangingTheme" time="1.834"/>
  <system-out>
    <![CDATA[Changing Theme]]>
  </system-out>
</testsuite> <!-- com.actitime.testscript.Theme_Module -->
