<?xml version="1.0" encoding="UTF-8"?>
<!-- Generated by org.testng.reporters.JUnitReportReporter -->
<testsuite hostname="DESKTOP-6QQN8NI" failures="0" tests="1" name="com.acttime.testscript.Users_Module" time="4.058" errors="0" timestamp="2025-03-10T10:55:46 IST" skipped="0">
  <testcase classname="com.acttime.testscript.Users_Module" name="testCreateUser" time="4.058"/>
  <system-out>
    <![CDATA[Create User]]>
  </system-out>
</testsuite> <!-- com.acttime.testscript.Users_Module -->
