<?xml version="1.0" encoding="UTF-8"?>
<!-- Generated by org.testng.reporters.JUnitReportReporter -->
<testsuite hostname="DESKTOP-6QQN8NI" failures="0" tests="3" name="com.actitime.testscript.Customer_Module" time="13.692" errors="0" timestamp="2025-03-19T22:18:18 IST" skipped="0">
  <testcase classname="com.actitime.testscript.Customer_Module" name="testCreateCustomer" time="4.430"/>
  <system-out>
    <![CDATA[Create Customer]]>
  </system-out>
  <testcase classname="com.actitime.testscript.Customer_Module" name="testModifyCustomerStatus" time="4.543"/>
  <system-out>
    <![CDATA[Modify Customer Status]]>
  </system-out>
  <testcase classname="com.actitime.testscript.Customer_Module" name="testDeleteCustomer" time="4.719"/>
  <system-out>
    <![CDATA[Delete Customer]]>
  </system-out>
</testsuite> <!-- com.actitime.testscript.Customer_Module -->
