<?xml version="1.0" encoding="UTF-8"?>
<!-- Generated by org.testng.reporters.JUnitReportReporter -->
<testsuite hostname="DESKTOP-6QQN8NI" failures="0" tests="3" name="com.acttime.testscript.Data_Provider" time="8.160" errors="0" timestamp="2025-03-03T12:57:59 IST" skipped="0">
  <testcase classname="com.acttime.testscript.Data_Provider" name="demo" time="2.504"/>
  <system-out/>
  <testcase classname="com.acttime.testscript.Data_Provider" name="demo" time="3.099"/>
  <system-out/>
  <testcase classname="com.acttime.testscript.Data_Provider" name="demo" time="2.557"/>
  <system-out/>
</testsuite> <!-- com.acttime.testscript.Data_Provider -->
