<?xml version="1.0" encoding="UTF-8"?>
<!-- Generated by org.testng.reporters.JUnitReportReporter -->
<testsuite hostname="DESKTOP-6QQN8NI" failures="0" tests="2" name="com.actitime.testscript.Tasks_Module" time="11.210" errors="0" timestamp="2025-03-19T22:18:18 IST" skipped="0">
  <testcase classname="com.actitime.testscript.Tasks_Module" name="testCreateTasks" time="5.664"/>
  <system-out>
    <![CDATA[Create Tasks]]>
  </system-out>
  <testcase classname="com.actitime.testscript.Tasks_Module" name="testDeleteTasks" time="5.546"/>
  <system-out>
    <![CDATA[delete Tasks]]>
  </system-out>
</testsuite> <!-- com.actitime.testscript.Tasks_Module -->
