<?xml version="1.0" encoding="UTF-8"?>
<!-- Generated by org.testng.reporters.JUnitReportReporter -->
<testsuite hostname="DESKTOP-6QQN8NI" failures="0" tests="3" name="com.actitime.testscript.Users_Module" time="12.057" errors="0" timestamp="2025-03-19T22:18:18 IST" skipped="0">
  <testcase classname="com.actitime.testscript.Users_Module" name="testCreateUser" time="5.693"/>
  <system-out>
    <![CDATA[Create User]]>
  </system-out>
  <testcase classname="com.actitime.testscript.Users_Module" name="testModifyUser" time="3.703"/>
  <system-out>
    <![CDATA[Create User]]>
  </system-out>
  <testcase classname="com.actitime.testscript.Users_Module" name="testDeleteUser" time="2.661"/>
  <system-out>
    <![CDATA[Delete User]]>
  </system-out>
</testsuite> <!-- com.actitime.testscript.Users_Module -->
