<?xml version="1.0" encoding="UTF-8"?>
<!-- Generated by org.testng.reporters.JUnitReportReporter -->
<testsuite hostname="DESKTOP-6QQN8NI" failures="0" tests="5" name="com.actitime.testscript.Data_Provider" time="16.439" errors="0" timestamp="2025-03-19T22:14:23 IST" skipped="0">
  <testcase classname="com.actitime.testscript.Data_Provider" name="demo" time="2.484"/>
  <system-out/>
  <testcase classname="com.actitime.testscript.Data_Provider" name="demo" time="4.091"/>
  <system-out/>
  <testcase classname="com.actitime.testscript.Data_Provider" name="demo" time="4.565"/>
  <system-out/>
  <testcase classname="com.actitime.testscript.Data_Provider" name="demo" time="1.850"/>
  <system-out/>
  <testcase classname="com.actitime.testscript.Data_Provider" name="demo" time="3.449"/>
  <system-out/>
</testsuite> <!-- com.actitime.testscript.Data_Provider -->
