<?xml version="1.0" encoding="UTF-8"?>
<!-- Generated by org.testng.reporters.JUnitReportReporter -->
<testsuite hostname="DESKTOP-6QQN8NI" failures="0" tests="2" name="com.actitime.testscript.Project_Module" time="5.334" errors="0" timestamp="2025-03-19T22:18:18 IST" skipped="0">
  <testcase classname="com.actitime.testscript.Project_Module" name="testDeleteProject" time="2.841"/>
  <system-out>
    <![CDATA[Delete Project]]>
  </system-out>
  <testcase classname="com.actitime.testscript.Project_Module" name="testCreateProject" time="2.493"/>
  <system-out>
    <![CDATA[Create Project]]>
  </system-out>
</testsuite> <!-- com.actitime.testscript.Project_Module -->
