<?xml version="1.0" encoding="UTF-8"?>
<!-- Generated by org.testng.reporters.JUnitReportReporter -->
<testsuite hostname="DESKTOP-6QQN8NI" failures="0" tests="1" name="com.actitime.testscript.Customer_Module" time="5.017" errors="0" timestamp="2025-03-11T10:40:31 IST" skipped="0">
  <testcase classname="com.actitime.testscript.Customer_Module" name="testCreateCustomer" time="5.017"/>
  <system-out>
    <![CDATA[Create Customer]]>
  </system-out>
</testsuite> <!-- com.actitime.testscript.Customer_Module -->
